0 info it worked if it ends with ok
1 verbose cli [ 'node', '/usr/local/bin/npm', 'publish', '.' ]
2 info using npm@1.5.0-alpha-1
3 info using node@v0.10.29
4 verbose publish [ '.' ]
5 verbose cache add [ '.', null ]
6 verbose cache add spec="." args=[".",null]
7 verbose cache add local package /Users/cherijs/_REPOS/generator-Ullalaa
8 silly lockFile 3a52ce78- .
9 verbose lock . /Users/cherijs/.npm/3a52ce78-.lock
10 verbose tar pack [ '/Users/cherijs/.npm/generator-ullalaa/0.0.1/package.tgz',
10 verbose tar pack   '.' ]
11 verbose tarball /Users/cherijs/.npm/generator-ullalaa/0.0.1/package.tgz
12 verbose folder .
13 info prepublish generator-ullalaa@0.0.1
14 silly lockFile 1f1177db-tar tar://.
15 verbose lock tar://. /Users/cherijs/.npm/1f1177db-tar.lock
16 silly lockFile 4815101c-erator-ullalaa-0-0-1-package-tgz tar:///Users/cherijs/.npm/generator-ullalaa/0.0.1/package.tgz
17 verbose lock tar:///Users/cherijs/.npm/generator-ullalaa/0.0.1/package.tgz /Users/cherijs/.npm/4815101c-erator-ullalaa-0-0-1-package-tgz.lock
18 silly lockFile 1f1177db-tar tar://.
19 silly lockFile 1f1177db-tar tar://.
20 silly lockFile 4815101c-erator-ullalaa-0-0-1-package-tgz tar:///Users/cherijs/.npm/generator-ullalaa/0.0.1/package.tgz
21 silly lockFile 4815101c-erator-ullalaa-0-0-1-package-tgz tar:///Users/cherijs/.npm/generator-ullalaa/0.0.1/package.tgz
22 silly lockFile b80027d1--generator-ullalaa-0-0-1-package /Users/cherijs/.npm/generator-ullalaa/0.0.1/package
23 verbose lock /Users/cherijs/.npm/generator-ullalaa/0.0.1/package /Users/cherijs/.npm/b80027d1--generator-ullalaa-0-0-1-package.lock
24 silly lockFile b80027d1--generator-ullalaa-0-0-1-package /Users/cherijs/.npm/generator-ullalaa/0.0.1/package
25 silly lockFile b80027d1--generator-ullalaa-0-0-1-package /Users/cherijs/.npm/generator-ullalaa/0.0.1/package
26 silly lockFile 3a52ce78- .
27 silly lockFile 3a52ce78- .
28 silly publish { name: 'generator-ullalaa',
28 silly publish   version: '0.0.1',
28 silly publish   description: 'Scaffold out a front-end web',
28 silly publish   license: 'MIT',
28 silly publish   main: 'app/index.js',
28 silly publish   repository:
28 silly publish    { type: 'git',
28 silly publish      url: 'https://github.com/cherijs/generator-ullalaa.git' },
28 silly publish   author:
28 silly publish    { name: 'Artūrs Cirsis',
28 silly publish      email: 'arturs.cirsis@gmail.com',
28 silly publish      url: 'https://github.com/cherijs' },
28 silly publish   engines: { node: '>=0.10.0', npm: '>=1.2.10' },
28 silly publish   scripts: { test: 'mocha --reporter spec' },
28 silly publish   files: [ 'app' ],
28 silly publish   keywords:
28 silly publish    [ 'yeoman-generator',
28 silly publish      'web',
28 silly publish      'app',
28 silly publish      'front-end',
28 silly publish      'h5bp',
28 silly publish      'modernizr',
28 silly publish      'jquery',
28 silly publish      'grunt' ],
28 silly publish   dependencies:
28 silly publish    { chalk: '^0.4.0',
28 silly publish      cheerio: '^0.17.0',
28 silly publish      'yeoman-generator': 'git://github.com/yeoman/generator#02dc62715d0bc0550def40290fd38a48bd6e63d3',
28 silly publish      yosay: '^0.2.0' },
28 silly publish   peerDependencies: { yo: '>=1.0.0' },
28 silly publish   devDependencies: { mocha: '*', underscore: '^1.6.0' },
28 silly publish   readme: '# generator-Ullalaa [![Build Status](https://secure.travis-ci.org/cherijs/generator-ullalaa.png?branch=master)](https://travis-ci.org/cherijs/generator-ullalaa)\n\n> [Yeoman](http://yeoman.io) generator\n\n\n## Getting Started\n\n### What is Yeoman? \n\nTrick question. It\'s not a thing. It\'s this guy:\n\n![](http://i.imgur.com/JHaAlBJ.png)\n\nBasically, he wears a top hat, lives in your computer, and waits for you to tell him what kind of application you wish to create.\n\nNot every new computer comes with a Yeoman pre-installed. He lives in the [npm](https://npmjs.org) package repository. You only have to ask for him once, then he packs up and moves into your hard drive. *Make sure you clean up, he likes new and shiny things.*\n\n```bash\n$ npm install -g yo\n```\n\n### Yeoman Generators\n\nYeoman travels light. He didn\'t pack any generators when he moved in. You can think of a generator like a plug-in. You get to choose what type of application you wish to create, such as a Backbone application or even a Chrome extension.\n\nTo install generator-Ullalaa from npm, run:\n\n```bash\n$ npm install -g generator-ullalaa\n```\n\nFinally, initiate the generator:\n\n```bash\n$ yo Ullalaa\n```\n\n### Getting To Know Yeoman\n\nYeoman has a heart of gold. He\'s a person with feelings and opinions, but he\'s very easy to work with. If you think he\'s too opinionated, he can be easily convinced.\n\nIf you\'d like to get to know Yeoman better and meet some of his friends, [Grunt](http://gruntjs.com) and [Bower](http://bower.io), check out the complete [Getting Started Guide](https://github.com/yeoman/yeoman/wiki/Getting-Started).\n\n\n## License\n\nMIT\n',
28 silly publish   readmeFilename: 'README.md',
28 silly publish   gitHead: '12de48ed5073f541e0cf7d0aab6fe827ee9b03f0',
28 silly publish   bugs: { url: 'https://github.com/cherijs/generator-ullalaa/issues' },
28 silly publish   homepage: 'https://github.com/cherijs/generator-ullalaa',
28 silly publish   _id: 'generator-ullalaa@0.0.1',
28 silly publish   _shasum: '6141949db2edddfdcf254c665212a00dd0a895c8',
28 silly publish   _from: '.' }
29 verbose mapToRegistry name generator-ullalaa
30 verbose mapToRegistry uri https://registry.npmjs.org/generator-ullalaa
31 verbose publish registryBase https://registry.npmjs.org/
32 verbose request where is /generator-ullalaa
33 verbose request registry https://registry.npmjs.org/
34 verbose request id 07c6cecd816ed0d1
35 verbose request url raw /generator-ullalaa
36 verbose request url resolving [ 'https://registry.npmjs.org/', './generator-ullalaa' ]
37 verbose request url resolved https://registry.npmjs.org/generator-ullalaa
38 verbose request where is https://registry.npmjs.org/generator-ullalaa
39 verbose request setting basic auth
40 info trying registry request attempt 1 at 22:02:12
41 http PUT https://registry.npmjs.org/generator-ullalaa
42 http 403 https://registry.npmjs.org/generator-ullalaa
43 verbose headers { date: 'Tue, 08 Jul 2014 19:02:14 GMT',
43 verbose headers   server: 'CouchDB/1.5.0 (Erlang OTP/R14B04)',
43 verbose headers   'content-type': 'application/json',
43 verbose headers   'cache-control': 'max-age=30',
43 verbose headers   'content-length': '5108',
43 verbose headers   'accept-ranges': 'bytes',
43 verbose headers   via: '1.1 varnish',
43 verbose headers   'x-served-by': 'cache-ams4122-AMS',
43 verbose headers   'x-cache': 'MISS',
43 verbose headers   'x-cache-hits': '0',
43 verbose headers   'x-timer': 'S1404846133.147839,VS0,VE1249',
43 verbose headers   'keep-alive': 'timeout=10, max=50',
43 verbose headers   connection: 'Keep-Alive' }
44 error publish Failed PUT 403
45 error Error: forbidden cannot modify pre-existing version: 0.0.1
45 error old={"name":"generator-ullalaa","version":"0.0.1","description":"Scaffold out a front-end web","license":"MIT","main":"app/index.js","repository":{"type":"git","url":"https://github.com/cherijs/generator-ullalaa.git"},"author":{"name":"Artūrs Cirsis","email":"arturs.cirsis@gmail.com","url":"https://github.com/cherijs"},"engines":{"node":">=0.10.0","npm":">=1.2.10"},"scripts":{"test":"mocha --reporter spec"},"files":["app"],"keywords":["yeoman-generator","web","app","front-end","h5bp","modernizr","jquery","grunt"],"dependencies":{"chalk":"^0.4.0","cheerio":"^0.17.0","yeoman-generator":"git://github.com/yeoman/generator#02dc62715d0bc0550def40290fd38a48bd6e63d3","yosay":"^0.2.0"},"peerDependencies":{"yo":">=1.0.0"},"devDependencies":{"mocha":"*","underscore":"^1.6.0"},"gitHead":"f6f940f6505c7b15683654a76df8c1a5526003a0","bugs":{"url":"https://github.com/cherijs/generator-ullalaa/issues"},"homepage":"https://github.com/cherijs/generator-ullalaa","_id":"generator-ullalaa@0.0.1","_shasum":"fd3c026416f08c8e5e821e48643450e9f4c380b4","_from":".","_npmVersion":"1.5.0-alpha-1","_npmUser":{"name":"cherijs","email":"arturs.cirsis@gmail.com"},"maintainers":[{"name":"cherijs","email":"arturs.cirsis@gmail.com"}],"dist":{"shasum":"fd3c026416f08c8e5e821e48643450e9f4c380b4","tarball":"http://registry.npmjs.org/generator-ullalaa/-/generator-ullalaa-0.0.1.tgz"}}
45 error new={"name":"generator-ullalaa","version":"0.0.1","description":"Scaffold out a front-end web","license":"MIT","main":"app/index.js","repository":{"type":"git","url":"https://github.com/cherijs/generator-ullalaa.git"},"author":{"name":"Artūrs Cirsis","email":"arturs.cirsis@gmail.com","url":"https://github.com/cherijs"},"engines":{"node":">=0.10.0","npm":">=1.2.10"},"scripts":{"test":"mocha --reporter spec"},"files":["app"],"keywords":["yeoman-generator","web","app","front-end","h5bp","modernizr","jquery","grunt"],"dependencies":{"chalk":"^0.4.0","cheerio":"^0.17.0","yeoman-generator":"git://github.com/yeoman/generator#02dc62715d0bc0550def40290fd38a48bd6e63d3","yosay":"^0.2.0"},"peerDependencies":{"yo":">=1.0.0"},"devDependencies":{"mocha":"*","underscore":"^1.6.0"},"readme":"# generator-Ullalaa [![Build Status](https://secure.travis-ci.org/cherijs/generator-ullalaa.png?branch=master)](https://travis-ci.org/cherijs/generator-ullalaa)\u000a\u000a> [Yeoman](http://yeoman.io) generator\u000a\u000a\u000a## Getting Started\u000a\u000a### What is Yeoman? \u000a\u000aTrick question. It's not a thing. It's this guy:\u000a\u000a![](http://i.imgur.com/JHaAlBJ.png)\u000a\u000aBasically, he wears a top hat, lives in your computer, and waits for you to tell him what kind of application you wish to create.\u000a\u000aNot every new computer comes with a Yeoman pre-installed. He lives in the [npm](https://npmjs.org) package repository. You only have to ask for him once, then he packs up and moves into your hard drive. *Make sure you clean up, he likes new and shiny things.*\u000a\u000a```bash\u000a$ npm install -g yo\u000a```\u000a\u000a### Yeoman Generators\u000a\u000aYeoman travels light. He didn't pack any generators when he moved in. You can think of a generator like a plug-in. You get to choose what type of application you wish to create, such as a Backbone application or even a Chrome extension.\u000a\u000aTo install generator-Ullalaa from npm, run:\u000a\u000a```bash\u000a$ npm install -g generator-ullalaa\u000a```\u000a\u000aFinally, initiate the generator:\u000a\u000a```bash\u000a$ yo Ullalaa\u000a```\u000a\u000a### Getting To Know Yeoman\u000a\u000aYeoman has a heart of gold. He's a person with feelings and opinions, but he's very easy to work with. If you think he's too opinionated, he can be easily convinced.\u000a\u000aIf you'd like to get to know Yeoman better and meet some of his friends, [Grunt](http://gruntjs.com) and [Bower](http://bower.io), check out the complete [Getting Started Guide](https://github.com/yeoman/yeoman/wiki/Getting-Started).\u000a\u000a\u000a## License\u000a\u000aMIT\u000a","readmeFilename":"README.md","gitHead":"12de48ed5073f541e0cf7d0aab6fe827ee9b03f0","bugs":{"url":"https://github.com/cherijs/generator-ullalaa/issues"},"homepage":"https://github.com/cherijs/generator-ullalaa","_id":"generator-ullalaa@0.0.1","_shasum":"6141949db2edddfdcf254c665212a00dd0a895c8","_from":".","_npmVersion":"1.5.0-alpha-1","_npmUser":{"name":"cherijs","email":"arturs.cirsis@gmail.com"},"maintainers":[{"name":"cherijs","email":"arturs.cirsis@gmail.com"}],"dist":{"shasum":"6141949db2edddfdcf254c665212a00dd0a895c8","tarball":"http://registry.npmjs.org/generator-ullalaa/-/generator-ullalaa-0.0.1.tgz"}}: generator-ullalaa
45 error     at RegClient.<anonymous> (/usr/local/lib/node_modules/npm/node_modules/npm-registry-client/lib/request.js:313:14)
45 error     at Request._callback (/usr/local/lib/node_modules/npm/node_modules/npm-registry-client/lib/request.js:251:65)
45 error     at Request.self.callback (/usr/local/lib/node_modules/npm/node_modules/request/request.js:123:22)
45 error     at Request.emit (events.js:98:17)
45 error     at Request.<anonymous> (/usr/local/lib/node_modules/npm/node_modules/request/request.js:893:14)
45 error     at Request.emit (events.js:117:20)
45 error     at IncomingMessage.<anonymous> (/usr/local/lib/node_modules/npm/node_modules/request/request.js:844:12)
45 error     at IncomingMessage.emit (events.js:117:20)
45 error     at _stream_readable.js:929:16
45 error     at process._tickCallback (node.js:419:13)
46 error If you need help, you may report this *entire* log,
46 error including the npm and node versions, at:
46 error     <http://github.com/npm/npm/issues>
47 error System Darwin 13.2.0
48 error command "node" "/usr/local/bin/npm" "publish" "."
49 error cwd /Users/cherijs/_REPOS/generator-Ullalaa
50 error node -v v0.10.29
51 error npm -v 1.5.0-alpha-1
52 verbose exit [ 1, true ]
